<?xml version="1.0" encoding="UTF-8"?>
<testsuite xmlns:xsi="http://www.w3.org/2001/XMLSchema-instance" xsi:noNamespaceSchemaLocation="https://maven.apache.org/surefire/maven-surefire-plugin/xsd/surefire-test-report-3.0.xsd" version="3.0" name="authenticationExample.demo.DemoApplicationTests" time="3.849" tests="1" errors="0" skipped="0" failures="0">
  <properties>
[...]
</properties>
  <testcase name="contextLoads" classname="authenticationExample.demo.DemoApplicationTests" time="0.974">
    <system-out><![CDATA[00:08:12.093 [main] INFO org.springframework.test.context.support.AnnotationConfigContextLoaderUtils -- Could not detect default configuration classes for test class [authenticationExample.demo.DemoApplicationTests]: DemoApplicationTests does not declare any static, non-private, non-final, nested classes annotated with @Configuration.
00:08:12.225 [main] INFO org.springframework.boot.test.context.SpringBootTestContextBootstrapper -- Found @SpringBootConfiguration authenticationExample.demo.DemoApplication for test class authenticationExample.demo.DemoApplicationTests

  .   ____          _            __ _ _
 /\\ / ___'_ __ _ _(_)_ __  __ _ \ \ \ \
( ( )\___ | '_ | '_| | '_ \/ _` | \ \ \ \
 \\/  ___)| |_)| | | | | || (_| |  ) ) ) )
  '  |____| .__|_| |_|_| |_\__, | / / / /
 =========|_|==============|___/=/_/_/_/

 :: Spring Boot ::                (v3.3.3)

2024-09-03T00:08:12.764+05:30  INFO 12260 --- [demo] [           main] a.demo.DemoApplicationTests              : Starting DemoApplicationTests using Java 21.0.1 with PID 12260 (started by nayee in N:\demo)
2024-09-03T00:08:12.766+05:30  INFO 12260 --- [demo] [           main] a.demo.DemoApplicationTests              : No active profile set, falling back to 1 default profile: "default"
2024-09-03T00:08:14.484+05:30  WARN 12260 --- [demo] [           main] .s.s.UserDetailsServiceAutoConfiguration : 

Using generated security password: 3d991a3a-ad83-4fa6-8bba-b84654eb4c28

This generated password is for development use only. Your security configuration must be updated before running your application in production.

2024-09-03T00:08:14.525+05:30  INFO 12260 --- [demo] [           main] r$InitializeUserDetailsManagerConfigurer : Global AuthenticationManager configured with UserDetailsService bean with name inMemoryUserDetailsManager
2024-09-03T00:08:14.707+05:30  INFO 12260 --- [demo] [           main] a.demo.DemoApplicationTests              : Started DemoApplicationTests in 2.257 seconds (process running for 3.532)
]]></system-out>
    <system-err><![CDATA[WARNING: A Java agent has been loaded dynamically (C:\Users\nayee\.m2\repository\net\bytebuddy\byte-buddy-agent\1.14.19\byte-buddy-agent-1.14.19.jar)
WARNING: If a serviceability tool is in use, please run with -XX:+EnableDynamicAgentLoading to hide this warning
WARNING: If a serviceability tool is not in use, please run with -Djdk.instrument.traceUsage for more information
WARNING: Dynamic loading of agents will be disallowed by default in a future release
]]></system-err>
  </testcase>
</testsuite>